<?xml version="1.0" encoding="UTF-8"?>
<!-- Generated by org.testng.reporters.JUnitXMLReporter -->
<testsuite ignored="0" hostname="DESKTOP-8UOV5P4" failures="2" tests="10" name="testcases" time="0.067" errors="0" timestamp="24 Oct 2024 12:45:33 GMT">
  <testcase classname="Selenium_Imp_concepts.rerun_testcases" name="test1" time="0.013">
    <skipped/>
  </testcase> <!-- test1 -->
  <testcase classname="Selenium_Imp_concepts.rerun_testcases" name="test1" time="0.002">
    <skipped/>
  </testcase> <!-- test1 -->
  <testcase classname="Selenium_Imp_concepts.rerun_testcases" name="test1" time="0.002">
    <skipped/>
  </testcase> <!-- test1 -->
  <testcase classname="Selenium_Imp_concepts.rerun_testcases" name="test1" time="0.001">
    <skipped/>
  </testcase> <!-- test1 -->
  <testcase classname="Selenium_Imp_concepts.rerun_testcases" name="test1" time="0.002">
    <failure type="java.lang.AssertionError" message="expected [false] but found [true]">
      <![CDATA[java.lang.AssertionError: expected [false] but found [true]
	at Selenium_Imp_concepts.rerun_testcases.test1(rerun_testcases.java:10)
... Removed 29 stack frames]]>
    </failure>
  </testcase> <!-- test1 -->
  <testcase classname="Selenium_Imp_concepts.rerun_testcases" name="test2" time="0.001">
    <skipped/>
  </testcase> <!-- test2 -->
  <testcase classname="Selenium_Imp_concepts.rerun_testcases" name="test2" time="0.001">
    <skipped/>
  </testcase> <!-- test2 -->
  <testcase classname="Selenium_Imp_concepts.rerun_testcases" name="test2" time="0.001">
    <skipped/>
  </testcase> <!-- test2 -->
  <testcase classname="Selenium_Imp_concepts.rerun_testcases" name="test2" time="0.001">
    <skipped/>
  </testcase> <!-- test2 -->
  <testcase classname="Selenium_Imp_concepts.rerun_testcases" name="test2" time="0.0">
    <failure type="java.lang.AssertionError" message="expected [false] but found [true]">
      <![CDATA[java.lang.AssertionError: expected [false] but found [true]
	at Selenium_Imp_concepts.rerun_testcases.test2(rerun_testcases.java:14)
... Removed 29 stack frames]]>
    </failure>
  </testcase> <!-- test2 -->
</testsuite> <!-- testcases -->
